  raudio.c
c:\users\lcu\desktop\mygame\raylib-master\src\external\jar_xm.h(130): warning C4018: '<': signed 또는 unsigned가 일치하지 않습니다.
c:\users\lcu\desktop\mygame\raylib-master\src\external\jar_xm.h(143): warning C4018: '<': signed 또는 unsigned가 일치하지 않습니다.
c:\users\lcu\desktop\mygame\raylib-master\src\external\jar_xm.h(242): warning C4005: 'DEBUG': 매크로 재정의
  c:\users\lcu\desktop\mygame\raylib-master\src\raudio.c: note: 'DEBUG'의 이전 정의를 참조하십시오.
c:\users\lcu\desktop\mygame\raylib-master\src\external\jar_xm.h(783): warning C4819: 현재 코드 페이지(949)에서 표시할 수 없는 문자가 파일에 들어 있습니다. 데이터가 손실되지 않게 하려면 해당 파일을 유니코드 형식으로 저장하십시오.
c:\users\lcu\desktop\mygame\raylib-master\src\external\jar_xm.h(1403): warning C4819: 현재 코드 페이지(949)에서 표시할 수 없는 문자가 파일에 들어 있습니다. 데이터가 손실되지 않게 하려면 해당 파일을 유니코드 형식으로 저장하십시오.
c:\users\lcu\desktop\mygame\raylib-master\src\external\jar_xm.h(2220): warning C4018: '<': signed 또는 unsigned가 일치하지 않습니다.
  rcore.c
c:\users\lcu\desktop\mygame\raylib-master\src\external\glfw\include\glfw\glfw3.h(3265): warning C4819: 현재 코드 페이지(949)에서 표시할 수 없는 문자가 파일에 들어 있습니다. 데이터가 손실되지 않게 하려면 해당 파일을 유니코드 형식으로 저장하십시오.
  rglfw.c
c:\users\lcu\desktop\mygame\raylib-master\src\external\glfw\include\glfw\glfw3.h(3265): warning C4819: 현재 코드 페이지(949)에서 표시할 수 없는 문자가 파일에 들어 있습니다. 데이터가 손실되지 않게 하려면 해당 파일을 유니코드 형식으로 저장하십시오.
  rmodels.c
c:\users\lcu\desktop\mygame\raylib-master\src\rmodels.c(5248): warning C4018: '<': signed 또는 unsigned가 일치하지 않습니다.
  rshapes.c
  rtext.c
  rtextures.c
  utils.c
  코드를 생성하고 있습니다...
  raylib.vcxproj -> C:\Users\lcu\Desktop\MyGame\_build\..\_bin\Debug\raylib.lib
