c:\users\lcu\desktop\mygame\_build\obj\x86\debug\mygame\vc141.pdb
c:\users\lcu\desktop\mygame\_build\obj\x86\debug\mygame\vc141.idb
c:\users\lcu\desktop\mygame\_build\obj\x86\debug\mygame\screen_title.obj
c:\users\lcu\desktop\mygame\_build\obj\x86\debug\mygame\screen_options.obj
c:\users\lcu\desktop\mygame\_build\obj\x86\debug\mygame\screen_logo.obj
c:\users\lcu\desktop\mygame\_build\obj\x86\debug\mygame\screen_gameplay.obj
c:\users\lcu\desktop\mygame\_build\obj\x86\debug\mygame\screen_ending.obj
c:\users\lcu\desktop\mygame\_build\obj\x86\debug\mygame\raylib_game.obj
c:\users\lcu\desktop\mygame\_build\obj\x86\debug\mygame\game.obj
c:\users\lcu\desktop\mygame\_bin\debug\mygame.exe
c:\users\lcu\desktop\mygame\_bin\debug\mygame.ilk
c:\users\lcu\desktop\mygame\_bin\debug\mygame.pdb
c:\users\lcu\desktop\mygame\_build\obj\x86\debug\mygame\draw.obj
c:\users\lcu\desktop\mygame\_build\obj\x86\debug\mygame\music.obj
c:\users\lcu\desktop\mygame\_build\obj\x86\debug\mygame\test.obj
c:\users\lcu\desktop\mygame\_build\..\_bin\debug\mygame.exe
c:\users\lcu\desktop\mygame\_build\obj\x86\debug\mygame\mygame.tlog\cl.command.1.tlog
c:\users\lcu\desktop\mygame\_build\obj\x86\debug\mygame\mygame.tlog\cl.read.1.tlog
c:\users\lcu\desktop\mygame\_build\obj\x86\debug\mygame\mygame.tlog\cl.write.1.tlog
c:\users\lcu\desktop\mygame\_build\obj\x86\debug\mygame\mygame.tlog\link.command.1.tlog
c:\users\lcu\desktop\mygame\_build\obj\x86\debug\mygame\mygame.tlog\link.read.1.tlog
c:\users\lcu\desktop\mygame\_build\obj\x86\debug\mygame\mygame.tlog\link.write.1.tlog
